<?xml version="1.0" encoding="UTF-8"?>
<robot generator="Robot 6.1.1 (Python 3.11.2 on win32)" generated="20231021 10:40:46.697" rpa="false" schemaversion="4">
<suite id="s1" name="Firstrobot" source="C:\Users\luksa\PycharmProjects\selenium_2023.09.24\firstrobot.robot">
<test id="s1-t1" name="Log In Wikipedia" line="13">
<kw name="Open Browser" library="SeleniumLibrary">
<arg>https://pl.wikipedia.org</arg>
<arg>chrome</arg>
<doc>Opens a new browser instance to the optional ``url``.</doc>
<msg timestamp="20231021 10:40:46.932" level="INFO">Opening browser 'chrome' to base url 'https://pl.wikipedia.org'.</msg>
<status status="PASS" starttime="20231021 10:40:46.931" endtime="20231021 10:40:50.873"/>
</kw>
<kw name="Run Keyword And Ignore Error" library="BuiltIn">
<arg>Click Element</arg>
<arg>id:non-existent</arg>
<doc>Runs the given keyword with the given arguments and ignores possible error.</doc>
<kw name="Click Element" library="SeleniumLibrary">
<arg>id:non-existent</arg>
<doc>Click the element identified by ``locator``.</doc>
<msg timestamp="20231021 10:40:50.874" level="INFO">Clicking element 'id:non-existent'.</msg>
<msg timestamp="20231021 10:40:51.002" level="INFO" html="true">&lt;/td&gt;&lt;/tr&gt;&lt;tr&gt;&lt;td colspan="3"&gt;&lt;a href="selenium-screenshot-3.png"&gt;&lt;img src="selenium-screenshot-3.png" width="800px"&gt;&lt;/a&gt;</msg>
<msg timestamp="20231021 10:40:51.002" level="FAIL">Element with locator 'id:non-existent' not found.</msg>
<status status="FAIL" starttime="20231021 10:40:50.873" endtime="20231021 10:40:51.005"/>
</kw>
<status status="PASS" starttime="20231021 10:40:50.873" endtime="20231021 10:40:51.005"/>
</kw>
<kw name="Wait Until Element Is Visible" library="SeleniumLibrary">
<arg>id:pt-login-2</arg>
<arg>5</arg>
<doc>Waits until the element ``locator`` is visible.</doc>
<status status="PASS" starttime="20231021 10:40:51.006" endtime="20231021 10:40:51.029"/>
</kw>
<kw name="Click Element" library="SeleniumLibrary">
<arg>id:pt-login-2</arg>
<doc>Click the element identified by ``locator``.</doc>
<msg timestamp="20231021 10:40:51.030" level="INFO">Clicking element 'id:pt-login-2'.</msg>
<status status="PASS" starttime="20231021 10:40:51.029" endtime="20231021 10:40:52.478"/>
</kw>
<kw name="Input Text" library="SeleniumLibrary">
<arg>id:wpName1</arg>
<arg>RobotTests</arg>
<doc>Types the given ``text`` into the text field identified by ``locator``.</doc>
<msg timestamp="20231021 10:40:52.479" level="INFO">Typing text 'RobotTests' into text field 'id:wpName1'.</msg>
<status status="PASS" starttime="20231021 10:40:52.479" endtime="20231021 10:40:52.548"/>
</kw>
<kw name="Input Password" library="SeleniumLibrary">
<arg>id:wpPassword1</arg>
<arg>RobotFramework</arg>
<doc>Types the given password into the text field identified by ``locator``.</doc>
<msg timestamp="20231021 10:40:52.548" level="INFO">Typing password into text field 'id:wpPassword1'.</msg>
<msg timestamp="20231021 10:40:52.574" level="INFO">Temporally setting log level to: NONE</msg>
<msg timestamp="20231021 10:40:52.619" level="INFO">Log level changed from NONE to INFO.</msg>
<status status="PASS" starttime="20231021 10:40:52.548" endtime="20231021 10:40:52.619"/>
</kw>
<kw name="Click Button" library="SeleniumLibrary">
<arg>id:wpLoginAttempt</arg>
<doc>Clicks the button identified by ``locator``.</doc>
<msg timestamp="20231021 10:40:52.620" level="INFO">Clicking button 'id:wpLoginAttempt'.</msg>
<status status="PASS" starttime="20231021 10:40:52.619" endtime="20231021 10:40:58.488"/>
</kw>
<kw name="Capture Page Screenshot" library="SeleniumLibrary">
<doc>Takes a screenshot of the current page and embeds it into a log file.</doc>
<msg timestamp="20231021 10:40:58.596" level="INFO" html="true">&lt;/td&gt;&lt;/tr&gt;&lt;tr&gt;&lt;td colspan="3"&gt;&lt;a href="selenium-screenshot-4.png"&gt;&lt;img src="selenium-screenshot-4.png" width="800px"&gt;&lt;/a&gt;</msg>
<status status="PASS" starttime="20231021 10:40:58.488" endtime="20231021 10:40:58.596"/>
</kw>
<kw name="Sleep" library="BuiltIn">
<arg>10</arg>
<doc>Pauses the test executed for the given time.</doc>
<msg timestamp="20231021 10:41:08.596" level="INFO">Slept 10 seconds</msg>
<status status="PASS" starttime="20231021 10:40:58.596" endtime="20231021 10:41:08.596"/>
</kw>
<status status="PASS" starttime="20231021 10:40:46.931" endtime="20231021 10:41:08.597"/>
</test>
<status status="PASS" starttime="20231021 10:40:46.699" endtime="20231021 10:41:08.598"/>
</suite>
<statistics>
<total>
<stat pass="1" fail="0" skip="0">All Tests</stat>
</total>
<tag>
</tag>
<suite>
<stat pass="1" fail="0" skip="0" id="s1" name="Firstrobot">Firstrobot</stat>
</suite>
</statistics>
<errors>
</errors>
</robot>
